[debug] [2022-12-09T19:53:36.820Z] ----------------------------------------------------------------------
[debug] [2022-12-09T19:53:36.826Z] Command:       C:\Users\nitin\.nvm\versions\node\v16.13.2\bin\node.exe C:\Users\nitin\.nvm\versions\node\v16.13.2\bin\node_modules\firebase-tools\lib\bin\firebase.js init
[debug] [2022-12-09T19:53:36.827Z] CLI Version:   11.16.1
[debug] [2022-12-09T19:53:36.828Z] Platform:      win32
[debug] [2022-12-09T19:53:36.828Z] Node Version:  v16.13.2
[debug] [2022-12-09T19:53:36.830Z] Time:          Sat Dec 10 2022 01:23:36 GMT+0530 (India Standard Time)
[debug] [2022-12-09T19:53:36.830Z] ----------------------------------------------------------------------
[debug] 
[debug] [2022-12-09T19:53:36.852Z] > command requires scopes: ["email","openid","https://www.googleapis.com/auth/cloudplatformprojects.readonly","https://www.googleapis.com/auth/firebase","https://www.googleapis.com/auth/cloud-platform"]
[debug] [2022-12-09T19:53:36.853Z] > authorizing via signed-in user (nitinmokashi08@gmail.com)
[info] 
     ######## #### ########  ######## ########     ###     ######  ########
     ##        ##  ##     ## ##       ##     ##  ##   ##  ##       ##
     ######    ##  ########  ######   ########  #########  ######  ######
     ##        ##  ##    ##  ##       ##     ## ##     ##       ## ##
     ##       #### ##     ## ######## ########  ##     ##  ######  ########

You're about to initialize a Firebase project in this directory:

  E:\projects\whatsapp-clone

[info] 
=== Project Setup
[info] 
[info] First, let's associate this project directory with a Firebase project.
[info] You can create multiple project aliases by running firebase use --add, 
[info] but for now we'll just set up a default project.
[info] 
[debug] [2022-12-09T19:53:51.786Z] >>> [apiv2][query] GET https://firebase.googleapis.com/v1beta1/projects pageSize=100
[debug] [2022-12-09T19:53:53.096Z] <<< [apiv2][status] GET https://firebase.googleapis.com/v1beta1/projects 200
[debug] [2022-12-09T19:53:53.097Z] <<< [apiv2][body] GET https://firebase.googleapis.com/v1beta1/projects [omitted]
[info] i  Using project whatsapp-clone-29ba2 (whatsApp clone) 
[info] 
=== Hosting Setup
[info] 
[info] Your public directory is the folder (relative to your project directory) that
[info] will contain Hosting assets to be uploaded with firebase deploy. If you
[info] have a build process for your assets, use your build's output directory.
[info] 
[debug] [2022-12-09T19:54:32.184Z] >>> [apiv2][query] GET https://www.gstatic.com/firebasejs/releases.json [none]
[debug] [2022-12-09T19:54:32.662Z] <<< [apiv2][status] GET https://www.gstatic.com/firebasejs/releases.json 200
[debug] [2022-12-09T19:54:32.663Z] <<< [apiv2][body] GET https://www.gstatic.com/firebasejs/releases.json {"current":{"version":"9.15.0","browserURL":"https://www.gstatic.com/firebasejs/9.15.0/firebase.js","packageURL":"https://www.gstatic.com/firebasejs/9.15.0/firebase.tgz"},"live":{"version":"9.15","browserURL":"https://www.gstatic.com/firebasejs/live/9.15/firebase.js","packageURL":"https://www.gstatic.com/firebasejs/live/9.15/firebase.tgz"},"components":{"analytics":"https://www.gstatic.com/firebasejs/9.15.0/firebase-analytics.js","app":"https://www.gstatic.com/firebasejs/9.15.0/firebase-app.js","app-check":"https://www.gstatic.com/firebasejs/9.15.0/firebase-app-check.js","auth":"https://www.gstatic.com/firebasejs/9.15.0/firebase-auth.js","auth/cordova":"https://www.gstatic.com/firebasejs/9.15.0/firebase-auth/cordova.js","auth/react-native":"https://www.gstatic.com/firebasejs/9.15.0/firebase-auth/react-native.js","functions":"https://www.gstatic.com/firebasejs/9.15.0/firebase-functions.js","firestore":"https://www.gstatic.com/firebasejs/9.15.0/firebase-firestore.js","firestore/lite":"https://www.gstatic.com/firebasejs/9.15.0/firebase-firestore/lite.js","installations":"https://www.gstatic.com/firebasejs/9.15.0/firebase-installations.js","storage":"https://www.gstatic.com/firebasejs/9.15.0/firebase-storage.js","performance":"https://www.gstatic.com/firebasejs/9.15.0/firebase-performance.js","remote-config":"https://www.gstatic.com/firebasejs/9.15.0/firebase-remote-config.js","messaging":"https://www.gstatic.com/firebasejs/9.15.0/firebase-messaging.js","messaging/sw":"https://www.gstatic.com/firebasejs/9.15.0/firebase-messaging/sw.js","database":"https://www.gstatic.com/firebasejs/9.15.0/firebase-database.js","firestore.memory":"https://www.gstatic.com/firebasejs/9.15.0/firebase-firestore.memory.js"}}
[info] +  Wrote build/index.html 
[info] 
[info] i  Detected a .git folder at E:\projects\whatsapp-clone 
[info] i  Authorizing with GitHub to upload your service account to a GitHub repository's secrets store. 
[info] 
[info] Visit this URL on this device to log in:
[info] https://github.com/login/oauth/authorize?client_id=89cf50f02ac6aaed3484&state=734491607&redirect_uri=http%3A%2F%2Flocalhost%3A9005&scope=read%3Auser%20repo%20public_repo
[info] 
[info] Waiting for authentication...
[debug] [2022-12-09T19:54:43.296Z] >>> [apiv2][query] POST https://github.com/login/oauth/access_token [none]
[debug] [2022-12-09T19:54:43.296Z] >>> [apiv2][body] POST https://github.com/login/oauth/access_token [stream]
[debug] [2022-12-09T19:54:43.935Z] <<< [apiv2][status] POST https://github.com/login/oauth/access_token 200
[debug] [2022-12-09T19:54:43.937Z] <<< [apiv2][body] POST https://github.com/login/oauth/access_token {"access_token":"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","token_type":"bearer","scope":"read:user,repo"}
[debug] [2022-12-09T19:54:43.968Z] >>> [apiv2][query] GET https://api.github.com/user [none]
[debug] [2022-12-09T19:54:44.606Z] <<< [apiv2][status] GET https://api.github.com/user 200
[debug] [2022-12-09T19:54:44.606Z] <<< [apiv2][body] GET https://api.github.com/user {"login":"nitin1498","id":56448363,"node_id":"MDQ6VXNlcjU2NDQ4MzYz","avatar_url":"https://avatars.githubusercontent.com/u/56448363?v=4","gravatar_id":"","url":"https://api.github.com/users/nitin1498","html_url":"https://github.com/nitin1498","followers_url":"https://api.github.com/users/nitin1498/followers","following_url":"https://api.github.com/users/nitin1498/following{/other_user}","gists_url":"https://api.github.com/users/nitin1498/gists{/gist_id}","starred_url":"https://api.github.com/users/nitin1498/starred{/owner}{/repo}","subscriptions_url":"https://api.github.com/users/nitin1498/subscriptions","organizations_url":"https://api.github.com/users/nitin1498/orgs","repos_url":"https://api.github.com/users/nitin1498/repos","events_url":"https://api.github.com/users/nitin1498/events{/privacy}","received_events_url":"https://api.github.com/users/nitin1498/received_events","type":"User","site_admin":false,"name":"Nitin Mokashi","company":null,"blog":"","location":null,"email":null,"hireable":null,"bio":null,"twitter_username":null,"public_repos":13,"public_gists":0,"followers":1,"following":1,"created_at":"2019-10-11T16:15:24Z","updated_at":"2022-12-08T17:18:53Z","private_gists":0,"total_private_repos":39,"owned_private_repos":39,"disk_usage":27890,"collaborators":1,"two_factor_authentication":false,"plan":{"name":"free","space":976562499,"collaborators":0,"private_repos":10000}}
[info] 
[info] +  Success! Logged into GitHub as nitin1498 
[info] 
[debug] [2022-12-09T19:54:56.895Z] >>> [apiv2][query] GET https://api.github.com/repos//actions/secrets/public-key type=owner
[debug] [2022-12-09T19:54:57.688Z] <<< [apiv2][status] GET https://api.github.com/repos//actions/secrets/public-key 404
[debug] [2022-12-09T19:54:57.688Z] <<< [apiv2][body] GET https://api.github.com/repos//actions/secrets/public-key {"message":"Not Found","documentation_url":"https://docs.github.com/rest"}
[debug] [2022-12-09T19:54:58.844Z] >>> [apiv2][query] GET https://api.github.com/repos/n/actions/secrets/public-key type=owner
[debug] [2022-12-09T19:54:59.536Z] <<< [apiv2][status] GET https://api.github.com/repos/n/actions/secrets/public-key 404
[debug] [2022-12-09T19:54:59.536Z] <<< [apiv2][body] GET https://api.github.com/repos/n/actions/secrets/public-key {"message":"Not Found","documentation_url":"https://docs.github.com/rest"}
[debug] [2022-12-09T19:55:01.769Z] >>> [apiv2][query] GET https://api.github.com/repos/n/actions/secrets/public-key type=owner
[debug] [2022-12-09T19:55:02.705Z] <<< [apiv2][status] GET https://api.github.com/repos/n/actions/secrets/public-key 404
[debug] [2022-12-09T19:55:02.705Z] <<< [apiv2][body] GET https://api.github.com/repos/n/actions/secrets/public-key {"message":"Not Found","documentation_url":"https://docs.github.com/rest"}
[debug] [2022-12-09T19:55:03.064Z] >>> [apiv2][query] GET https://api.github.com/repos/nt/actions/secrets/public-key type=owner
[debug] [2022-12-09T19:55:03.730Z] <<< [apiv2][status] GET https://api.github.com/repos/nt/actions/secrets/public-key 404
[debug] [2022-12-09T19:55:03.730Z] <<< [apiv2][body] GET https://api.github.com/repos/nt/actions/secrets/public-key {"message":"Not Found","documentation_url":"https://docs.github.com/rest"}
[debug] [2022-12-09T19:55:04.643Z] >>> [apiv2][query] GET https://api.github.com/repos/nty/actions/secrets/public-key type=owner
[debug] [2022-12-09T19:55:05.369Z] <<< [apiv2][status] GET https://api.github.com/repos/nty/actions/secrets/public-key 404
[debug] [2022-12-09T19:55:05.369Z] <<< [apiv2][body] GET https://api.github.com/repos/nty/actions/secrets/public-key {"message":"Not Found","documentation_url":"https://docs.github.com/rest"}
[debug] [2022-12-09T19:55:07.214Z] >>> [apiv2][query] GET https://api.github.com/repos/y/actions/secrets/public-key type=owner
[debug] [2022-12-09T19:55:08.030Z] <<< [apiv2][status] GET https://api.github.com/repos/y/actions/secrets/public-key 404
[debug] [2022-12-09T19:55:08.031Z] <<< [apiv2][body] GET https://api.github.com/repos/y/actions/secrets/public-key {"message":"Not Found","documentation_url":"https://docs.github.com/rest"}
[debug] [2022-12-09T19:56:44.943Z] >>> [apiv2][query] GET https://api.github.com/repos/nitin1498/actions/secrets/public-key type=owner
[debug] [2022-12-09T19:56:44.946Z] >>> [apiv2][query] GET https://api.github.com/repos///actions/secrets/public-key type=owner
[debug] [2022-12-09T19:56:45.621Z] <<< [apiv2][status] GET https://api.github.com/repos///actions/secrets/public-key 404
[debug] [2022-12-09T19:56:45.621Z] <<< [apiv2][body] GET https://api.github.com/repos///actions/secrets/public-key {"message":"Not Found","documentation_url":"https://docs.github.com/rest"}
[debug] [2022-12-09T19:56:45.624Z] <<< [apiv2][status] GET https://api.github.com/repos/nitin1498/actions/secrets/public-key 404
[debug] [2022-12-09T19:56:45.624Z] <<< [apiv2][body] GET https://api.github.com/repos/nitin1498/actions/secrets/public-key {"message":"Not Found","documentation_url":"https://docs.github.com/rest"}
[debug] [2022-12-09T19:56:46.209Z] >>> [apiv2][query] GET https://api.github.com/repos/WhatsApp-Web-Clone---React-Project---2xb5s7q855bl/nitin1498/actions/secrets/public-key type=owner
[debug] [2022-12-09T19:56:46.895Z] <<< [apiv2][status] GET https://api.github.com/repos/WhatsApp-Web-Clone---React-Project---2xb5s7q855bl/nitin1498/actions/secrets/public-key 404
[debug] [2022-12-09T19:56:46.895Z] <<< [apiv2][body] GET https://api.github.com/repos/WhatsApp-Web-Clone---React-Project---2xb5s7q855bl/nitin1498/actions/secrets/public-key {"message":"Not Found","documentation_url":"https://docs.github.com/rest/reference/actions#get-a-repository-public-key"}
[debug] [2022-12-09T19:56:57.538Z] >>> [apiv2][query] GET https://api.github.com/repos/WhatsApp-Web-Clone---React-Project---2xb5s7q855bl/nitin1498/actions/secrets/public-key type=owner
[debug] [2022-12-09T19:56:58.316Z] <<< [apiv2][status] GET https://api.github.com/repos/WhatsApp-Web-Clone---React-Project---2xb5s7q855bl/nitin1498/actions/secrets/public-key 404
[debug] [2022-12-09T19:56:58.316Z] <<< [apiv2][body] GET https://api.github.com/repos/WhatsApp-Web-Clone---React-Project---2xb5s7q855bl/nitin1498/actions/secrets/public-key {"message":"Not Found","documentation_url":"https://docs.github.com/rest/reference/actions#get-a-repository-public-key"}
